[2024-07-14 22:07:42] [INFO] [Logger] Logger initialized
[2024-07-14 22:07:42] [INFO] [sequelize] Connecting to database...
[2024-07-14 22:07:42] [INFO] [sequelize] Syncing tables...
[2024-07-14 22:07:42] [INFO] [Socket] Socket.io server initialized
[2024-07-14 22:07:42] [INFO] [Server] Server is running on port 8000
[2024-07-14 22:07:42] [INFO] [DBContext] Connected to MSSQL
[2024-07-14 22:07:42] [DEBUG] [sequelize] Executing (default): SELECT TABLE_NAME, TABLE_SCHEMA FROM INFORMATION_SCHEMA.TABLES WHERE TABLE_TYPE = 'BASE TABLE' AND TABLE_NAME = N'Users' AND TABLE_SCHEMA = N'dbo'
[2024-07-14 22:07:42] [DEBUG] [sequelize] Executing (default): EXEC sys.sp_helpindex @objname = N'[dbo].[Users]';
[2024-07-14 22:07:42] [DEBUG] [sequelize] Executing (default): SELECT TABLE_NAME, TABLE_SCHEMA FROM INFORMATION_SCHEMA.TABLES WHERE TABLE_TYPE = 'BASE TABLE' AND TABLE_NAME = N'Auths' AND TABLE_SCHEMA = N'dbo'
[2024-07-14 22:07:42] [DEBUG] [sequelize] Executing (default): EXEC sys.sp_helpindex @objname = N'[dbo].[Auths]';
[2024-07-14 22:07:42] [DEBUG] [sequelize] Executing (default): SELECT TABLE_NAME, TABLE_SCHEMA FROM INFORMATION_SCHEMA.TABLES WHERE TABLE_TYPE = 'BASE TABLE' AND TABLE_NAME = N'PostCategories' AND TABLE_SCHEMA = N'dbo'
[2024-07-14 22:07:42] [DEBUG] [sequelize] Executing (default): EXEC sys.sp_helpindex @objname = N'[dbo].[PostCategories]';
[2024-07-14 22:07:42] [DEBUG] [sequelize] Executing (default): SELECT TABLE_NAME, TABLE_SCHEMA FROM INFORMATION_SCHEMA.TABLES WHERE TABLE_TYPE = 'BASE TABLE' AND TABLE_NAME = N'Posts' AND TABLE_SCHEMA = N'dbo'
[2024-07-14 22:07:42] [DEBUG] [sequelize] Executing (default): EXEC sys.sp_helpindex @objname = N'[dbo].[Posts]';
[2024-07-14 22:07:42] [DEBUG] [sequelize] Executing (default): SELECT TABLE_NAME, TABLE_SCHEMA FROM INFORMATION_SCHEMA.TABLES WHERE TABLE_TYPE = 'BASE TABLE' AND TABLE_NAME = N'Comments' AND TABLE_SCHEMA = N'dbo'
[2024-07-14 22:07:42] [DEBUG] [sequelize] Executing (default): EXEC sys.sp_helpindex @objname = N'[dbo].[Comments]';
[2024-07-14 22:07:42] [DEBUG] [sequelize] Executing (default): SELECT TABLE_NAME, TABLE_SCHEMA FROM INFORMATION_SCHEMA.TABLES WHERE TABLE_TYPE = 'BASE TABLE' AND TABLE_NAME = N'CommentLikes' AND TABLE_SCHEMA = N'dbo'
[2024-07-14 22:07:43] [DEBUG] [sequelize] Executing (default): EXEC sys.sp_helpindex @objname = N'[dbo].[CommentLikes]';
[2024-07-14 22:07:43] [DEBUG] [sequelize] Executing (default): SELECT TABLE_NAME, TABLE_SCHEMA FROM INFORMATION_SCHEMA.TABLES WHERE TABLE_TYPE = 'BASE TABLE' AND TABLE_NAME = N'CommentMetrics' AND TABLE_SCHEMA = N'dbo'
[2024-07-14 22:07:43] [DEBUG] [sequelize] Executing (default): EXEC sys.sp_helpindex @objname = N'[dbo].[CommentMetrics]';
[2024-07-14 22:07:43] [DEBUG] [sequelize] Executing (default): SELECT TABLE_NAME, TABLE_SCHEMA FROM INFORMATION_SCHEMA.TABLES WHERE TABLE_TYPE = 'BASE TABLE' AND TABLE_NAME = N'PostLikes' AND TABLE_SCHEMA = N'dbo'
[2024-07-14 22:07:43] [DEBUG] [sequelize] Executing (default): EXEC sys.sp_helpindex @objname = N'[dbo].[PostLikes]';
[2024-07-14 22:07:43] [DEBUG] [sequelize] Executing (default): SELECT TABLE_NAME, TABLE_SCHEMA FROM INFORMATION_SCHEMA.TABLES WHERE TABLE_TYPE = 'BASE TABLE' AND TABLE_NAME = N'CategoryMetrics' AND TABLE_SCHEMA = N'dbo'
[2024-07-14 22:07:43] [DEBUG] [sequelize] Executing (default): EXEC sys.sp_helpindex @objname = N'[dbo].[CategoryMetrics]';
[2024-07-14 22:07:43] [DEBUG] [sequelize] Executing (default): SELECT TABLE_NAME, TABLE_SCHEMA FROM INFORMATION_SCHEMA.TABLES WHERE TABLE_TYPE = 'BASE TABLE' AND TABLE_NAME = N'PostTags' AND TABLE_SCHEMA = N'dbo'
[2024-07-14 22:07:43] [DEBUG] [sequelize] Executing (default): EXEC sys.sp_helpindex @objname = N'[dbo].[PostTags]';
[2024-07-14 22:07:43] [DEBUG] [sequelize] Executing (default): SELECT TABLE_NAME, TABLE_SCHEMA FROM INFORMATION_SCHEMA.TABLES WHERE TABLE_TYPE = 'BASE TABLE' AND TABLE_NAME = N'TagMetrics' AND TABLE_SCHEMA = N'dbo'
[2024-07-14 22:07:43] [DEBUG] [sequelize] Executing (default): EXEC sys.sp_helpindex @objname = N'[dbo].[TagMetrics]';
[2024-07-14 22:07:43] [DEBUG] [sequelize] Executing (default): SELECT TABLE_NAME, TABLE_SCHEMA FROM INFORMATION_SCHEMA.TABLES WHERE TABLE_TYPE = 'BASE TABLE' AND TABLE_NAME = N'PostHistories' AND TABLE_SCHEMA = N'dbo'
[2024-07-14 22:07:43] [DEBUG] [sequelize] Executing (default): EXEC sys.sp_helpindex @objname = N'[dbo].[PostHistories]';
[2024-07-14 22:07:43] [DEBUG] [sequelize] Executing (default): SELECT TABLE_NAME, TABLE_SCHEMA FROM INFORMATION_SCHEMA.TABLES WHERE TABLE_TYPE = 'BASE TABLE' AND TABLE_NAME = N'PostMetrics' AND TABLE_SCHEMA = N'dbo'
[2024-07-14 22:07:43] [DEBUG] [sequelize] Executing (default): EXEC sys.sp_helpindex @objname = N'[dbo].[PostMetrics]';
[2024-07-14 22:07:43] [DEBUG] [sequelize] Executing (default): SELECT TABLE_NAME, TABLE_SCHEMA FROM INFORMATION_SCHEMA.TABLES WHERE TABLE_TYPE = 'BASE TABLE' AND TABLE_NAME = N'PublicChatRooms' AND TABLE_SCHEMA = N'dbo'
[2024-07-14 22:07:43] [DEBUG] [sequelize] Executing (default): EXEC sys.sp_helpindex @objname = N'[dbo].[PublicChatRooms]';
[2024-07-14 22:07:43] [DEBUG] [sequelize] Executing (default): SELECT TABLE_NAME, TABLE_SCHEMA FROM INFORMATION_SCHEMA.TABLES WHERE TABLE_TYPE = 'BASE TABLE' AND TABLE_NAME = N'PublicRoomUsers' AND TABLE_SCHEMA = N'dbo'
[2024-07-14 22:07:43] [DEBUG] [sequelize] Executing (default): EXEC sys.sp_helpindex @objname = N'[dbo].[PublicRoomUsers]';
[2024-07-14 22:07:43] [DEBUG] [sequelize] Executing (default): SELECT TABLE_NAME, TABLE_SCHEMA FROM INFORMATION_SCHEMA.TABLES WHERE TABLE_TYPE = 'BASE TABLE' AND TABLE_NAME = N'PublicChatMessages' AND TABLE_SCHEMA = N'dbo'
[2024-07-14 22:07:43] [DEBUG] [sequelize] Executing (default): EXEC sys.sp_helpindex @objname = N'[dbo].[PublicChatMessages]';
[2024-07-14 22:07:43] [DEBUG] [sequelize] Executing (default): SELECT TABLE_NAME, TABLE_SCHEMA FROM INFORMATION_SCHEMA.TABLES WHERE TABLE_TYPE = 'BASE TABLE' AND TABLE_NAME = N'PublicChatMetrics' AND TABLE_SCHEMA = N'dbo'
[2024-07-14 22:07:43] [DEBUG] [sequelize] Executing (default): EXEC sys.sp_helpindex @objname = N'[dbo].[PublicChatMetrics]';
[2024-07-14 22:07:43] [DEBUG] [sequelize] Executing (default): SELECT TABLE_NAME, TABLE_SCHEMA FROM INFORMATION_SCHEMA.TABLES WHERE TABLE_TYPE = 'BASE TABLE' AND TABLE_NAME = N'Balances' AND TABLE_SCHEMA = N'dbo'
[2024-07-14 22:07:43] [DEBUG] [sequelize] Executing (default): EXEC sys.sp_helpindex @objname = N'[dbo].[Balances]';
[2024-07-14 22:07:43] [DEBUG] [sequelize] Executing (default): SELECT TABLE_NAME, TABLE_SCHEMA FROM INFORMATION_SCHEMA.TABLES WHERE TABLE_TYPE = 'BASE TABLE' AND TABLE_NAME = N'WorkExperiences' AND TABLE_SCHEMA = N'dbo'
[2024-07-14 22:07:43] [DEBUG] [sequelize] Executing (default): EXEC sys.sp_helpindex @objname = N'[dbo].[WorkExperiences]';
[2024-07-14 22:07:54] [DEBUG] [sequelize] Executing (default): SELECT [id], [username], [email], [phone], [citizenId], [firstName], [lastName], [dob], [address], [avatar], [bio], [isStudent], [isMuted], [createdAt], [updatedAt] FROM [dbo].[Users] AS [User] WHERE [User].[id] = N'1';
[2024-07-14 22:07:54] [DEBUG] [sequelize] Executing (default): SELECT [id], [title], [content], [tags], [status], [createdAt], [updatedAt], [deletedAt], [PostCategoryId], [UserId] FROM [dbo].[Posts] AS [Post] WHERE ([Post].[deletedAt] IS NULL AND [Post].[status] = N'PUBLISHED');
[2024-07-14 22:07:54] [DEBUG] [sequelize] Executing (default): SELECT [id], [name], [fgColor], [bgColor], [enabled], [createdAt], [updatedAt] FROM [dbo].[PostCategories] AS [PostCategory];
[2024-07-14 22:07:54] [DEBUG] [sequelize] Executing (default): SELECT [id], [username], [email], [phone], [citizenId], [firstName], [lastName], [dob], [address], [avatar], [bio], [isStudent], [isMuted], [createdAt], [updatedAt] FROM [dbo].[Users] AS [User] WHERE [User].[id] = N'1';
[2024-07-14 22:07:54] [DEBUG] [sequelize] Executing (default): SELECT [id], [title], [content], [tags], [status], [createdAt], [updatedAt], [deletedAt], [PostCategoryId], [UserId] FROM [dbo].[Posts] AS [Post] WHERE ([Post].[deletedAt] IS NULL AND [Post].[status] = N'PUBLISHED');
[2024-07-14 22:07:54] [DEBUG] [sequelize] Executing (default): SELECT [id], [name], [fgColor], [bgColor], [enabled], [createdAt], [updatedAt] FROM [dbo].[PostCategories] AS [PostCategory];
[2024-07-14 22:08:30] [DEBUG] [sequelize] Executing (default): SELECT [id], [username], [email], [phone], [citizenId], [firstName], [lastName], [dob], [address], [avatar], [bio], [isStudent], [isMuted], [createdAt], [updatedAt] FROM [dbo].[Users] AS [User] WHERE [User].[id] = N'1';
[2024-07-14 22:08:30] [DEBUG] [sequelize] Executing (default): SELECT [id], [title], [content], [tags], [status], [createdAt], [updatedAt], [deletedAt], [PostCategoryId], [UserId] FROM [dbo].[Posts] AS [Post] WHERE ([Post].[deletedAt] IS NULL AND [Post].[status] = N'PUBLISHED');
[2024-07-14 22:08:30] [DEBUG] [sequelize] Executing (default): SELECT [id], [name], [fgColor], [bgColor], [enabled], [createdAt], [updatedAt] FROM [dbo].[PostCategories] AS [PostCategory];
[2024-07-14 22:08:30] [DEBUG] [sequelize] Executing (default): SELECT [id], [username], [email], [phone], [citizenId], [firstName], [lastName], [dob], [address], [avatar], [bio], [isStudent], [isMuted], [createdAt], [updatedAt] FROM [dbo].[Users] AS [User] WHERE [User].[id] = N'1';
[2024-07-14 22:08:30] [DEBUG] [sequelize] Executing (default): SELECT [id], [name], [fgColor], [bgColor], [enabled], [createdAt], [updatedAt] FROM [dbo].[PostCategories] AS [PostCategory];
[2024-07-14 22:08:30] [DEBUG] [sequelize] Executing (default): SELECT [id], [title], [content], [tags], [status], [createdAt], [updatedAt], [deletedAt], [PostCategoryId], [UserId] FROM [dbo].[Posts] AS [Post] WHERE ([Post].[deletedAt] IS NULL AND [Post].[status] = N'PUBLISHED');
